<?xml version="1.0" encoding="UTF-8"?>
<!-- Generated by org.testng.reporters.JUnitReportReporter -->
<testsuite hostname="DESKTOP-VBOGSHA" failures="0" tests="1" name="com.onlinetest.test.LoginTest" time="3.176" errors="0" timestamp="2021-09-05T15:02:34 IST" skipped="0">
  <testcase classname="com.onlinetest.test.LoginTest" name="f" time="3.176"/>
  <system-out/>
</testsuite> <!-- com.onlinetest.test.LoginTest -->
